<?xml version="1.0" encoding="UTF-8"?>
<testng-results ignored="0" total="1" passed="1" failed="0" skipped="0">
  <reporter-output>
  </reporter-output>
  <suite started-at="2026-06-03T13:10:23 IST" name="Suite" finished-at="2026-06-03T13:10:30 IST" duration-ms="6346">
    <groups>
    </groups>
    <test started-at="2026-06-03T13:10:23 IST" name="Test" finished-at="2026-06-03T13:10:30 IST" duration-ms="6346">
      <class name="Tests.TestOne">
        <test-method is-config="true" signature="setup()[pri:0, instance:Tests.TestOne@53f3bdbd]" started-at="2026-06-03T13:10:23 IST" name="setup" finished-at="2026-06-03T13:10:29 IST" duration-ms="5377" status="PASS">
          <reporter-output>
          </reporter-output>
        </test-method> <!-- setup -->
        <test-method signature="loginm(java.lang.String,java.lang.String)[pri:1, instance:Tests.TestOne@53f3bdbd]" started-at="2026-06-03T13:10:29 IST" name="loginm" data-provider="loginname" finished-at="2026-06-03T13:10:29 IST" duration-ms="536" status="PASS">
          <params>
            <param index="0">
              <value>
                <![CDATA[meghanahamse0724@gmail.com]]>
              </value>
            </param>
            <param index="1">
              <value>
                <![CDATA[Dhanu@1234]]>
              </value>
            </param>
          </params>
          <reporter-output>
          </reporter-output>
        </test-method> <!-- loginm -->
        <test-method is-config="true" signature="tearDown()[pri:0, instance:Tests.TestOne@53f3bdbd]" started-at="2026-06-03T13:10:29 IST" name="tearDown" finished-at="2026-06-03T13:10:30 IST" duration-ms="378" status="PASS">
          <reporter-output>
          </reporter-output>
        </test-method> <!-- tearDown -->
      </class> <!-- Tests.TestOne -->
    </test> <!-- Test -->
  </suite> <!-- Suite -->
</testng-results>
