<?xml version="1.0" encoding="UTF-8"?>
<!-- Generated by org.testng.reporters.JUnitXMLReporter -->
<testsuite ignored="2" hostname="LIN-PG02L633" failures="0" tests="3" name="Chrome_Home_Test" time="51.493" errors="0" timestamp="2026-08-25T17:42:33 IST">
  <testcase classname="Tests.SearchTest" name="@BeforeClass doLogin" time="0.0">
    <failure type="java.lang.NullPointerException" message="Cannot invoke &amp;quot;org.openqa.selenium.SearchContext.findElement(org.openqa.selenium.By)&amp;quot; because &amp;quot;this.searchContext&amp;quot; is null">
      <![CDATA[java.lang.NullPointerException: Cannot invoke "org.openqa.selenium.SearchContext.findElement(org.openqa.selenium.By)" because "this.searchContext" is null
at org.openqa.selenium.support.pagefactory.DefaultElementLocator.findElement(DefaultElementLocator.java:69)
at org.openqa.selenium.support.pagefactory.internal.LocatingElementHandler.invoke(LocatingElementHandler.java:38)
at jdk.proxy2/jdk.proxy2.$Proxy14.click(Unknown Source)
at Pages.LoginPage.loginP(LoginPage.java:41)
at Tests.SearchTest.doLogin(SearchTest.java:19)
at java.base/java.util.ArrayList.forEach(ArrayList.java:1596)
... Removed 23 stack frames]]>
    </failure>
  </testcase> <!-- @BeforeClass doLogin -->
  <testcase classname="Tests.HomeTest" name="HomeP" time="7.908"/>
  <testcase classname="Tests.HomeTest" name="Calci" time="4.517"/>
  <testcase classname="Tests.SearchTest" name="SearchPerform" time="0.0">
    <skipped/>
  </testcase> <!-- SearchPerform -->
  <testcase classname="Base.BaseTest" name="@BeforeTest setup" time="0.0">
    <ignored/>
  </testcase> <!-- @BeforeTest setup -->
  <testcase classname="Base.BaseTest" name="@AfterTest tearDown" time="0.0">
    <ignored/>
  </testcase> <!-- @AfterTest tearDown -->
</testsuite> <!-- Chrome_Home_Test -->
