<?xml version="1.0" encoding="UTF-8"?>
<!-- Generated by org.testng.reporters.JUnitXMLReporter -->
<testsuite ignored="1" hostname="LIN-PG02L633" failures="1" tests="1" name="Chrome Test" time="0.404" errors="0" timestamp="2026-08-25T13:12:22 IST">
  <testcase classname="Tests.HomeTest" name="HomeP" time="0.212">
    <failure type="java.lang.NullPointerException" message="Cannot invoke &amp;quot;org.openqa.selenium.JavascriptExecutor.executeScript(String, Object[])&amp;quot; because &amp;quot;js&amp;quot; is null">
      <![CDATA[java.lang.NullPointerException: Cannot invoke "org.openqa.selenium.JavascriptExecutor.executeScript(String, Object[])" because "js" is null
at Utils.Scrolldown.scrollToElement(Scrolldown.java:36)
at Pages.HomePage.macB(HomePage.java:48)
at Tests.HomeTest.HomeP(HomeTest.java:46)
at java.base/java.util.ArrayList.forEach(ArrayList.java:1596)
... Removed 25 stack frames]]>
    </failure>
  </testcase> <!-- HomeP -->
  <testcase classname="Tests.HomeTest" name="Calci" time="0.0">
    <ignored/>
  </testcase> <!-- Calci -->
</testsuite> <!-- Chrome Test -->
